<?xml version="1.0" encoding="UTF-8"?>
<testng-results skipped="0" failed="0" ignored="0" total="1" passed="1">
  <reporter-output>
  </reporter-output>
  <suite name="Default suite" duration-ms="15661" started-at="2018-07-17T07:03:19Z" finished-at="2018-07-17T07:03:35Z">
    <groups>
    </groups>
    <test name="Default test" duration-ms="15661" started-at="2018-07-17T07:03:19Z" finished-at="2018-07-17T07:03:35Z">
      <class name="seleniumwd.First">
        <test-method status="PASS" signature="testlogin()[pri:0, instance:seleniumwd.First@59fa1d9b]" name="testlogin" duration-ms="15627" started-at="2018-07-17T07:03:19Z" finished-at="2018-07-17T07:03:35Z">
          <reporter-output>
          </reporter-output>
        </test-method> <!-- testlogin -->
      </class> <!-- seleniumwd.First -->
    </test> <!-- Default test -->
  </suite> <!-- Default suite -->
</testng-results>
